Source1.obj : error LNK2005: "struct System systems" (?systems@@3USystem@@A) already defined in main.obj
Source10.obj : error LNK2005: "struct System systems" (?systems@@3USystem@@A) already defined in main.obj
Source11.obj : error LNK2005: "struct System systems" (?systems@@3USystem@@A) already defined in main.obj
Source12.obj : error LNK2005: "struct System systems" (?systems@@3USystem@@A) already defined in main.obj
Source13.obj : error LNK2005: "struct System systems" (?systems@@3USystem@@A) already defined in main.obj
Source14.obj : error LNK2005: "struct System systems" (?systems@@3USystem@@A) already defined in main.obj
Source2.obj : error LNK2005: "struct System systems" (?systems@@3USystem@@A) already defined in main.obj
Source3.obj : error LNK2005: "struct System systems" (?systems@@3USystem@@A) already defined in main.obj
Source4.obj : error LNK2005: "struct System systems" (?systems@@3USystem@@A) already defined in main.obj
Source5.obj : error LNK2005: "struct System systems" (?systems@@3USystem@@A) already defined in main.obj
Source6.obj : error LNK2005: "void __cdecl viewCourses(struct Semester)" (?viewCourses@@YAXUSemester@@@Z) already defined in Source3.obj
Source6.obj : error LNK2005: "struct System systems" (?systems@@3USystem@@A) already defined in main.obj
Source7.obj : error LNK2005: "struct System systems" (?systems@@3USystem@@A) already defined in main.obj
Source8.obj : error LNK2005: "struct System systems" (?systems@@3USystem@@A) already defined in main.obj
Source9.obj : error LNK2005: "struct System systems" (?systems@@3USystem@@A) already defined in main.obj
Source8.obj : error LNK2019: unresolved external symbol "void __cdecl addLast<struct Course>(struct LList<struct Course>,struct Node<struct Course> *)" (??$addLast@UCourse@@@@YAXU?$LList@UCourse@@@@PEAU?$Node@UCourse@@@@@Z) referenced in function "private: __cdecl std::bad_alloc::bad_alloc(char const * const)" (??0bad_alloc@std@@AEAA@QEBD@Z)
Source9.obj : error LNK2001: unresolved external symbol "void __cdecl addLast<struct Course>(struct LList<struct Course>,struct Node<struct Course> *)" (??$addLast@UCourse@@@@YAXU?$LList@UCourse@@@@PEAU?$Node@UCourse@@@@@Z)
Source10.obj : error LNK2001: unresolved external symbol "void __cdecl addLast<struct Course>(struct LList<struct Course>,struct Node<struct Course> *)" (??$addLast@UCourse@@@@YAXU?$LList@UCourse@@@@PEAU?$Node@UCourse@@@@@Z)
Source14.obj : error LNK2001: unresolved external symbol "void __cdecl addLast<struct Course>(struct LList<struct Course>,struct Node<struct Course> *)" (??$addLast@UCourse@@@@YAXU?$LList@UCourse@@@@PEAU?$Node@UCourse@@@@@Z)
Source3.obj : error LNK2001: unresolved external symbol "void __cdecl addLast<struct Course>(struct LList<struct Course>,struct Node<struct Course> *)" (??$addLast@UCourse@@@@YAXU?$LList@UCourse@@@@PEAU?$Node@UCourse@@@@@Z)
Source5.obj : error LNK2001: unresolved external symbol "void __cdecl addLast<struct Course>(struct LList<struct Course>,struct Node<struct Course> *)" (??$addLast@UCourse@@@@YAXU?$LList@UCourse@@@@PEAU?$Node@UCourse@@@@@Z)
Source10.obj : error LNK2019: unresolved external symbol "void __cdecl addLast<struct Scoreboard>(struct LList<struct Scoreboard>,struct Node<struct Scoreboard> *)" (??$addLast@UScoreboard@@@@YAXU?$LList@UScoreboard@@@@PEAU?$Node@UScoreboard@@@@@Z) referenced in function "bool __cdecl readAllCoursesOfStudent(class std::basic_string<char,struct std::char_traits<char>,class std::allocator<char> >)" (?readAllCoursesOfStudent@@YA_NV?$basic_string@DU?$char_traits@D@std@@V?$allocator@D@2@@std@@@Z)
Source7.obj : error LNK2001: unresolved external symbol "void __cdecl addLast<struct Scoreboard>(struct LList<struct Scoreboard>,struct Node<struct Scoreboard> *)" (??$addLast@UScoreboard@@@@YAXU?$LList@UScoreboard@@@@PEAU?$Node@UScoreboard@@@@@Z)
Source12.obj : error LNK2019: unresolved external symbol "void __cdecl addLast<struct Semester>(struct LList<struct Semester>,struct Node<struct Semester> *)" (??$addLast@USemester@@@@YAXU?$LList@USemester@@@@PEAU?$Node@USemester@@@@@Z) referenced in function "bool __cdecl readAllSemester(class std::basic_string<char,struct std::char_traits<char>,class std::allocator<char> >)" (?readAllSemester@@YA_NV?$basic_string@DU?$char_traits@D@std@@V?$allocator@D@2@@std@@@Z)
Source13.obj : error LNK2001: unresolved external symbol "void __cdecl addLast<struct Semester>(struct LList<struct Semester>,struct Node<struct Semester> *)" (??$addLast@USemester@@@@YAXU?$LList@USemester@@@@PEAU?$Node@USemester@@@@@Z)
Source3.obj : error LNK2001: unresolved external symbol "void __cdecl addLast<struct Semester>(struct LList<struct Semester>,struct Node<struct Semester> *)" (??$addLast@USemester@@@@YAXU?$LList@USemester@@@@PEAU?$Node@USemester@@@@@Z)
Source2.obj : error LNK2019: unresolved external symbol "void __cdecl addLast<struct Class>(struct LList<struct Class>,struct Node<struct Class> *)" (??$addLast@UClass@@@@YAXU?$LList@UClass@@@@PEAU?$Node@UClass@@@@@Z) referenced in function "struct Class * __cdecl createClasses(struct SchoolYear,class std::basic_string<char,struct std::char_traits<char>,class std::allocator<char> >,int,int)" (?createClasses@@YAPEAUClass@@USchoolYear@@V?$basic_string@DU?$char_traits@D@std@@V?$allocator@D@2@@std@@HH@Z)
Source9.obj : error LNK2001: unresolved external symbol "void __cdecl addLast<struct Class>(struct LList<struct Class>,struct Node<struct Class> *)" (??$addLast@UClass@@@@YAXU?$LList@UClass@@@@PEAU?$Node@UClass@@@@@Z)
Source2.obj : error LNK2019: unresolved external symbol "void __cdecl addLast<struct Student>(struct LList<struct Student>,struct Node<struct Student> *)" (??$addLast@UStudent@@@@YAXU?$LList@UStudent@@@@PEAU?$Node@UStudent@@@@@Z) referenced in function "bool __cdecl addStudentToClass(struct Student,struct Class &)" (?addStudentToClass@@YA_NUStudent@@AEAUClass@@@Z)
Source3.obj : error LNK2001: unresolved external symbol "void __cdecl addLast<struct Student>(struct LList<struct Student>,struct Node<struct Student> *)" (??$addLast@UStudent@@@@YAXU?$LList@UStudent@@@@PEAU?$Node@UStudent@@@@@Z)
Source7.obj : error LNK2001: unresolved external symbol "void __cdecl addLast<struct Student>(struct LList<struct Student>,struct Node<struct Student> *)" (??$addLast@UStudent@@@@YAXU?$LList@UStudent@@@@PEAU?$Node@UStudent@@@@@Z)
Source3.obj : error LNK2019: unresolved external symbol "struct Node<struct Semester> * __cdecl findNode<struct Semester>(struct LList<struct Semester>,struct Semester)" (??$findNode@USemester@@@@YAPEAU?$Node@USemester@@@@U?$LList@USemester@@@@USemester@@@Z) referenced in function "union CourseVarType __cdecl getIn4toUpdateCourse(int)" (?getIn4toUpdateCourse@@YA?ATCourseVarType@@H@Z)
Source3.obj : error LNK2019: unresolved external symbol "int __cdecl countNodes<struct Student>(struct Node<struct Student> *)" (??$countNodes@UStudent@@@@YAHPEAU?$Node@UStudent@@@@@Z) referenced in function "bool __cdecl addStudentToCourse(struct Student,struct Course &)" (?addStudentToCourse@@YA_NUStudent@@AEAUCourse@@@Z)
Source8.obj : error LNK2001: unresolved external symbol "int __cdecl countNodes<struct Student>(struct Node<struct Student> *)" (??$countNodes@UStudent@@@@YAHPEAU?$Node@UStudent@@@@@Z)
Source3.obj : error LNK2019: unresolved external symbol "void __cdecl removeRandomNode<struct Student>(struct LList<struct Student>,struct Student)" (??$removeRandomNode@UStudent@@@@YAXU?$LList@UStudent@@@@UStudent@@@Z) referenced in function "bool __cdecl removeStudentFromCourse(struct Student,struct Course &)" (?removeStudentFromCourse@@YA_NUStudent@@AEAUCourse@@@Z)
Source3.obj : error LNK2019: unresolved external symbol "void __cdecl removeRandomNode<struct Course>(struct LList<struct Course>,struct Course)" (??$removeRandomNode@UCourse@@@@YAXU?$LList@UCourse@@@@UCourse@@@Z) referenced in function "bool __cdecl removeCourse(struct Course,struct Semester)" (?removeCourse@@YA_NUCourse@@USemester@@@Z)
Source5.obj : error LNK2019: unresolved external symbol "struct Node<struct Student> * __cdecl findNode<struct Student>(struct LList<struct Student>,struct Student)" (??$findNode@UStudent@@@@YAPEAU?$Node@UStudent@@@@U?$LList@UStudent@@@@UStudent@@@Z) referenced in function "struct LList<struct Course> __cdecl courseAttending(struct Student,struct Semester)" (?courseAttending@@YA?AU?$LList@UCourse@@@@UStudent@@USemester@@@Z)
Source8.obj : error LNK2019: unresolved external symbol "int __cdecl countNodes<struct Scoreboard>(struct Node<struct Scoreboard> *)" (??$countNodes@UScoreboard@@@@YAHPEAU?$Node@UScoreboard@@@@@Z) referenced in function "float __cdecl calculateSemGPA(struct Student &)" (?calculateSemGPA@@YAMAEAUStudent@@@Z)
Source8.obj : error LNK2019: unresolved external symbol "void __cdecl addLast<float>(struct LList<float>,struct Node<float> *)" (??$addLast@M@@YAXU?$LList@M@@PEAU?$Node@M@@@Z) referenced in function "bool __cdecl readGPAofClassInSem(class std::basic_string<char,struct std::char_traits<char>,class std::allocator<char> >,struct LList<float> &)" (?readGPAofClassInSem@@YA_NV?$basic_string@DU?$char_traits@D@std@@V?$allocator@D@2@@std@@AEAU?$LList@M@@@Z)
Source8.obj : error LNK2019: unresolved external symbol "struct Node<float> * __cdecl findNodeByIndex<float>(struct LList<float>,int)" (??$findNodeByIndex@M@@YAPEAU?$Node@M@@U?$LList@M@@H@Z) referenced in function "float __cdecl calculateOverallGPA(struct Student &,struct Semester)" (?calculateOverallGPA@@YAMAEAUStudent@@USemester@@@Z)
Source8.obj : error LNK2019: unresolved external symbol "int __cdecl countNodes<float>(struct Node<float> *)" (??$countNodes@M@@YAHPEAU?$Node@M@@@Z) referenced in function "float * __cdecl countOverallGPAInClass(struct Class,struct Semester)" (?countOverallGPAInClass@@YAPEAMUClass@@USemester@@@Z)
Source9.obj : error LNK2019: unresolved external symbol "void __cdecl addLast<struct Staff>(struct LList<struct Staff>,struct Node<struct Staff> *)" (??$addLast@UStaff@@@@YAXU?$LList@UStaff@@@@PEAU?$Node@UStaff@@@@@Z) referenced in function "bool __cdecl readStaffList(class std::basic_string<char,struct std::char_traits<char>,class std::allocator<char> >)" (?readStaffList@@YA_NV?$basic_string@DU?$char_traits@D@std@@V?$allocator@D@2@@std@@@Z)
C:\Users\user\source\repos\ProjectStudent\x64\Debug\ProjectStudent.exe : fatal error LNK1120: 15 unresolved externals
